+ set -e
+ echo 'Extracting project files...'
Extracting project files...
+ apt-get install -y unzip
Reading package lists...
Building dependency tree...
Reading state information...
unzip is already the newest version (6.0-28ubuntu4.1).
0 upgraded, 0 newly installed, 0 to remove and 8 not upgraded.
+ mkdir -p /var/www/preditybr
+ unzip -o /root/predity.zip -d /var/www/preditybr
Archive:  /root/predity.zip
warning:  /root/predity.zip appears to use backslashes as path separators
  inflating: /var/www/preditybr/app/globals.css  
  inflating: /var/www/preditybr/app/layout.tsx  
  inflating: /var/www/preditybr/app/not-found.tsx  
  inflating: /var/www/preditybr/app/page.tsx  
  inflating: /var/www/preditybr/app/(pages)/blog/page.tsx  
  inflating: /var/www/preditybr/app/(pages)/contact/page.tsx  
  inflating: /var/www/preditybr/app/(pages)/fees/page.tsx  
  inflating: /var/www/preditybr/app/(pages)/kyc/page.tsx  
  inflating: /var/www/preditybr/app/(pages)/legal/page.tsx  
  inflating: /var/www/preditybr/app/(pages)/privacy/page.tsx  
  inflating: /var/www/preditybr/app/(pages)/rankings/page.tsx  
  inflating: /var/www/preditybr/app/(pages)/responsible/page.tsx  
  inflating: /var/www/preditybr/app/api/admin/migrate-cpf/route.ts  
  inflating: /var/www/preditybr/app/api/deposit/route.ts  
  inflating: /var/www/preditybr/app/api/deposit-debug/route.ts  
  inflating: /var/www/preditybr/app/api/install-blog/route.ts  
  inflating: /var/www/preditybr/app/api/rankings/route.ts  
  inflating: /var/www/preditybr/app/api/upload-avatar/route.ts  
  inflating: /var/www/preditybr/app/api/webhook/email-trigger/route.ts  
  inflating: /var/www/preditybr/app/api/webhook/xgate/route.ts  
  inflating: /var/www/preditybr/app/api/withdraw/route.ts  
  inflating: /var/www/preditybr/app/api/xgate-create-customer/route.ts  
  inflating: /var/www/preditybr/app/api/xgate-debug/route.ts  
  inflating: /var/www/preditybr/app/api/xgate-discover/route.ts  
  inflating: /var/www/preditybr/app/api/xgate-sync-all/route.ts  
  inflating: /var/www/preditybr/app/api/xgate-sync-customer/route.ts  
  inflating: /var/www/preditybr/app/api/xgate-sync-manual/route.ts  
  inflating: /var/www/preditybr/app/api/xgate-webhook/route.ts  
  inflating: /var/www/preditybr/app/app/page.tsx  
  inflating: /var/www/preditybr/app/app/(user)/layout.tsx  
  inflating: /var/www/preditybr/app/app/(user)/page.tsx  
  inflating: /var/www/preditybr/app/app/(user)/markets/page.tsx  
  inflating: /var/www/preditybr/app/app/(user)/markets/[id]/MarketDetailClient.tsx  
  inflating: /var/www/preditybr/app/app/(user)/markets/[id]/page.tsx  
  inflating: /var/www/preditybr/app/app/(user)/profile/page.tsx  
  inflating: /var/www/preditybr/app/app/(user)/wallet/page.tsx  
  inflating: /var/www/preditybr/app/app/admin/layout.tsx  
  inflating: /var/www/preditybr/app/app/admin/page.tsx  
  inflating: /var/www/preditybr/app/app/admin/activity/page.tsx  
  inflating: /var/www/preditybr/app/app/admin/bets/page.tsx  
  inflating: /var/www/preditybr/app/app/admin/bets/new/page.tsx  
  inflating: /var/www/preditybr/app/app/admin/bets/[id]/page.tsx  
  inflating: /var/www/preditybr/app/app/admin/blog/page.tsx  
  inflating: /var/www/preditybr/app/app/admin/finance/page.tsx  
  inflating: /var/www/preditybr/app/app/admin/security/page.tsx  
  inflating: /var/www/preditybr/app/app/admin/support/page.tsx  
  inflating: /var/www/preditybr/app/app/admin/users/page.tsx  
  inflating: /var/www/preditybr/app/app/admin/xgate-debug/page.tsx  
  inflating: /var/www/preditybr/app/como-funciona/page.tsx  
  inflating: /var/www/preditybr/app/debug/page.tsx  
  inflating: /var/www/preditybr/app/debug-cookie/page.tsx  
  inflating: /var/www/preditybr/app/forgot-password/page.tsx  
  inflating: /var/www/preditybr/app/login/page.tsx  
  inflating: /var/www/preditybr/app/register/page.tsx  
  inflating: /var/www/preditybr/app/reset-password/page.tsx  
  inflating: /var/www/preditybr/components/AdminCharts.tsx  
  inflating: /var/www/preditybr/components/BlogListClient.tsx  
  inflating: /var/www/preditybr/components/BottomNav.tsx  
  inflating: /var/www/preditybr/components/Footer.tsx  
  inflating: /var/www/preditybr/components/ForgotPasswordForm.tsx  
  inflating: /var/www/preditybr/components/Header.tsx  
  inflating: /var/www/preditybr/components/HeroCardStack.tsx  
  inflating: /var/www/preditybr/components/LandingPageClient.tsx  
  inflating: /var/www/preditybr/components/LoginForm.tsx  
  inflating: /var/www/preditybr/components/MarketCard.tsx  
  inflating: /var/www/preditybr/components/RankingsList.tsx  
  inflating: /var/www/preditybr/components/RegisterForm.tsx  
  inflating: /var/www/preditybr/components/ResetPasswordForm.tsx  
  inflating: /var/www/preditybr/components/SupportChat.tsx  
  inflating: /var/www/preditybr/components/emails/BetResolvedEmail.tsx  
  inflating: /var/www/preditybr/lib/cpf.ts  
  inflating: /var/www/preditybr/lib/supabase.ts  
  inflating: /var/www/preditybr/lib/xgate.ts  
  inflating: /var/www/preditybr/lib/supabase/client.ts  
  inflating: /var/www/preditybr/lib/supabase/middleware.ts  
  inflating: /var/www/preditybr/lib/supabase/server.ts  
  inflating: /var/www/preditybr/public/banner-pix.png  
  inflating: /var/www/preditybr/public/favicon.png  
  inflating: /var/www/preditybr/public/file.svg  
  inflating: /var/www/preditybr/public/globe.svg  
  inflating: /var/www/preditybr/public/logo.png  
  inflating: /var/www/preditybr/public/next.svg  
  inflating: /var/www/preditybr/public/pix.avif  
  inflating: /var/www/preditybr/public/vercel.svg  
  inflating: /var/www/preditybr/public/window.svg  
  inflating: /var/www/preditybr/public/fonts/Liebling_Black.woff2  
  inflating: /var/www/preditybr/public/fonts/Liebling_Bold.woff2  
  inflating: /var/www/preditybr/public/fonts/Liebling_Heavy.woff2  
  inflating: /var/www/preditybr/public/fonts/Liebling_Light.woff2  
  inflating: /var/www/preditybr/public/fonts/Liebling_Medium.woff2  
  inflating: /var/www/preditybr/public/fonts/Liebling_Regular.woff2  
  inflating: /var/www/preditybr/public/fonts/Liebling_Thin.woff2  
  inflating: /var/www/preditybr/supabase/create_blog_table.sql  
  inflating: /var/www/preditybr/supabase/email_templates/confirm_signup.html  
  inflating: /var/www/preditybr/supabase/email_templates/reset_password.html  
  inflating: /var/www/preditybr/supabase/migrations/20240217_consolidated_rls_fix.sql  
  inflating: /var/www/preditybr/supabase/migrations/20240217_debug_transactions.sql  
  inflating: /var/www/preditybr/supabase/migrations/20240217_fix_admin_actions_and_history.sql  
  inflating: /var/www/preditybr/supabase/migrations/20240217_fix_admin_users_rls.sql  
  inflating: /var/www/preditybr/supabase/migrations/20240217_fix_infinite_recursion.sql  
  inflating: /var/www/preditybr/supabase/migrations/20240217_fix_rls_support.sql  
  inflating: /var/www/preditybr/supabase/migrations/20240217_fix_transactions_final.sql  
  inflating: /var/www/preditybr/supabase/migrations/20240217_fix_transactions_schema.sql  
  inflating: /var/www/preditybr/supabase/migrations/20240217_fix_users_rls_regression.sql  
  inflating: /var/www/preditybr/supabase/migrations/20240217_init_support_system.sql  
  inflating: /var/www/preditybr/supabase/migrations/20240217_nuclear_rls_fix.sql  
  inflating: /var/www/preditybr/supabase/migrations/20240218_add_market_slugs.sql  
  inflating: /var/www/preditybr/supabase/migrations/20240218_add_slug_to_markets.sql  
  inflating: /var/www/preditybr/supabase/migrations/20240218_add_support_attachments.sql  
  inflating: /var/www/preditybr/supabase/migrations/20240218_drop_and_create_void_market.sql  
  inflating: /var/www/preditybr/supabase/migrations/20240218_fix_resolved_at.sql  
  inflating: /var/www/preditybr/supabase/migrations/20240218_fix_support_updated_at.sql  
  inflating: /var/www/preditybr/supabase/migrations/20240218_fix_void_market_ambiguous.sql  
  inflating: /var/www/preditybr/supabase/migrations/20240218_reset_data.sql  
  inflating: /var/www/preditybr/supabase/migrations/20240218_void_market_rpc.sql  
  inflating: /var/www/preditybr/supabase/migrations/20240220_add_cpf_dob_to_users.sql  
  inflating: /var/www/preditybr/supabase/migrations/20240220_add_referral_system.sql  
  inflating: /var/www/preditybr/supabase/migrations/20240220_add_xgate_customer_id.sql  
  inflating: /var/www/preditybr/.env.local  
  inflating: /var/www/preditybr/next.config.mjs  
  inflating: /var/www/preditybr/package.json  
  inflating: /var/www/preditybr/package-lock.json  
  inflating: /var/www/preditybr/postcss.config.mjs  
  inflating: /var/www/preditybr/tailwind.config.ts  
  inflating: /var/www/preditybr/tsconfig.json  
